<?xml version="1.0" encoding="UTF-8"?>
<!-- Generated by org.testng.reporters.JUnitXMLReporter -->
<testsuite hostname="PMANALA" ignored="0" name="Default test" tests="3" failures="0" timestamp="09 Aug 2018 12:15:13 GMT" time="0.112" errors="0">
  <testcase name="test1" time="0.021" classname="Demo.automation.Demo"/>
  <testcase name="test2" time="0.006" classname="Demo.automation.Demo"/>
  <testcase name="test3" time="0.009" classname="Demo.automation.Demo"/>
</testsuite> <!-- Default test -->
