<?xml version="1.0" encoding="UTF-8"?>
<testng-results skipped="0" failed="0" ignored="0" total="6" passed="6">
  <reporter-output>
  </reporter-output>
  <suite name="Suite" duration-ms="60" started-at="2018-08-09T12:19:43Z" finished-at="2018-08-09T12:19:43Z">
    <groups>
    </groups>
    <test name="Test" duration-ms="60" started-at="2018-08-09T12:19:43Z" finished-at="2018-08-09T12:19:43Z">
      <class name="Demo.automation.Demo2">
        <test-method status="PASS" signature="test1()[pri:0, instance:Demo.automation.Demo2@13c78c0b]" name="test1" duration-ms="20" started-at="2018-08-09T17:49:43Z" finished-at="2018-08-09T17:49:43Z">
          <reporter-output>
          </reporter-output>
        </test-method> <!-- test1 -->
        <test-method status="PASS" signature="test3()[pri:0, instance:Demo.automation.Demo2@13c78c0b]" name="test3" duration-ms="0" started-at="2018-08-09T17:49:43Z" finished-at="2018-08-09T17:49:43Z">
          <reporter-output>
          </reporter-output>
        </test-method> <!-- test3 -->
        <test-method status="PASS" signature="test2()[pri:0, instance:Demo.automation.Demo2@13c78c0b]" name="test2" duration-ms="0" started-at="2018-08-09T17:49:43Z" finished-at="2018-08-09T17:49:43Z">
          <reporter-output>
          </reporter-output>
        </test-method> <!-- test2 -->
      </class> <!-- Demo.automation.Demo2 -->
    </test> <!-- Test -->
  </suite> <!-- Suite -->
  <suite name="Suite (0)" duration-ms="0" started-at="2018-08-09T12:19:44Z" finished-at="2018-08-09T12:19:44Z">
    <groups>
    </groups>
    <test name="Test" duration-ms="0" started-at="2018-08-09T12:19:44Z" finished-at="2018-08-09T12:19:44Z">
      <class name="Demo.automation.Demo">
        <test-method status="PASS" signature="test1()[pri:0, instance:Demo.automation.Demo@6ea12c19]" name="test1" duration-ms="0" started-at="2018-08-09T17:49:44Z" finished-at="2018-08-09T17:49:44Z">
          <reporter-output>
          </reporter-output>
        </test-method> <!-- test1 -->
        <test-method status="PASS" signature="test2()[pri:0, instance:Demo.automation.Demo@6ea12c19]" name="test2" duration-ms="0" started-at="2018-08-09T17:49:44Z" finished-at="2018-08-09T17:49:44Z">
          <reporter-output>
          </reporter-output>
        </test-method> <!-- test2 -->
        <test-method status="PASS" signature="test3()[pri:0, instance:Demo.automation.Demo@6ea12c19]" name="test3" duration-ms="0" started-at="2018-08-09T17:49:44Z" finished-at="2018-08-09T17:49:44Z">
          <reporter-output>
          </reporter-output>
        </test-method> <!-- test3 -->
      </class> <!-- Demo.automation.Demo -->
    </test> <!-- Test -->
  </suite> <!-- Suite (0) -->
</testng-results>
