<?xml version="1.0" encoding="UTF-8"?>
<testng-results skipped="0" failed="0" ignored="0" total="3" passed="3">
  <reporter-output>
  </reporter-output>
  <suite name="Suite" duration-ms="84" started-at="2018-08-09T12:15:59Z" finished-at="2018-08-09T12:15:59Z">
    <groups>
    </groups>
    <test name="Test" duration-ms="84" started-at="2018-08-09T12:15:59Z" finished-at="2018-08-09T12:15:59Z">
      <class name="Demo.automation.Demo">
        <test-method status="PASS" signature="test1()[pri:0, instance:Demo.automation.Demo@3f49dace]" name="test1" duration-ms="12" started-at="2018-08-09T17:45:59Z" finished-at="2018-08-09T17:45:59Z">
          <reporter-output>
          </reporter-output>
        </test-method> <!-- test1 -->
        <test-method status="PASS" signature="test2()[pri:0, instance:Demo.automation.Demo@3f49dace]" name="test2" duration-ms="3" started-at="2018-08-09T17:45:59Z" finished-at="2018-08-09T17:45:59Z">
          <reporter-output>
          </reporter-output>
        </test-method> <!-- test2 -->
        <test-method status="PASS" signature="test3()[pri:0, instance:Demo.automation.Demo@3f49dace]" name="test3" duration-ms="2" started-at="2018-08-09T17:45:59Z" finished-at="2018-08-09T17:45:59Z">
          <reporter-output>
          </reporter-output>
        </test-method> <!-- test3 -->
      </class> <!-- Demo.automation.Demo -->
    </test> <!-- Test -->
  </suite> <!-- Suite -->
</testng-results>
